<?xml version="1.0" encoding="UTF-8"?>
<Site BuildName="(empty)"
	BuildStamp="20241015-1946-Experimental"
	Name="(empty)"
	Generator="ctest-3.18.4"
	CompilerName=""
	CompilerVersion=""
	OSName="Linux"
	Hostname="wolf8"
	OSRelease="5.10.0-32-amd64"
	OSVersion="#1 SMP Debian 5.10.223-1 (2024-08-10)"
	OSPlatform="x86_64"
	Is64Bits="1"
	VendorString="GenuineIntel"
	VendorID="Intel Corporation"
	FamilyID="6"
	ModelID="94"
	ProcessorCacheSize="8192"
	NumberOfLogicalCPU="8"
	NumberOfPhysicalCPU="4"
	TotalVirtualMemory="8191"
	TotalPhysicalMemory="7827"
	LogicalProcessorsPerPhysical="2"
	ProcessorClockFrequency="2700.02"
	>
	<Testing>
		<StartDateTime>Oct 15 12:46 PDT</StartDateTime>
		<StartTestTime>1729021595</StartTestTime>
		<TestList/>
		<EndDateTime>Oct 15 12:46 PDT</EndDateTime>
		<EndTestTime>1729021595</EndTestTime>
		<ElapsedMinutes>0</ElapsedMinutes>
	</Testing>
</Site>
